[debug] [2021-04-26T22:55:03.854Z] ----------------------------------------------------------------------
[debug] [2021-04-26T22:55:03.861Z] Command:       C:\Program Files\nodejs\node.exe C:\Users\Cristian PQ\AppData\Roaming\npm\node_modules\firebase-tools\lib\bin\firebase.js init
[debug] [2021-04-26T22:55:03.862Z] CLI Version:   9.8.0
[debug] [2021-04-26T22:55:03.864Z] Platform:      win32
[debug] [2021-04-26T22:55:03.864Z] Node Version:  v14.7.0
[debug] [2021-04-26T22:55:03.868Z] Time:          Mon Apr 26 2021 17:55:03 GMT-0500 (hora estándar de Colombia)
[debug] [2021-04-26T22:55:03.869Z] ----------------------------------------------------------------------
[debug] 
[debug] [2021-04-26T22:55:03.923Z] >>> [apiv2][query] GET https://firebase-public.firebaseio.com/cli.json [none]
[debug] [2021-04-26T22:55:04.406Z] > command requires scopes: ["email","openid","https://www.googleapis.com/auth/cloudplatformprojects.readonly","https://www.googleapis.com/auth/firebase","https://www.googleapis.com/auth/cloud-platform"]
[debug] [2021-04-26T22:55:04.409Z] > authorizing via signed-in user
[info] 
     ######## #### ########  ######## ########     ###     ######  ########
     ##        ##  ##     ## ##       ##     ##  ##   ##  ##       ##
     ######    ##  ########  ######   ########  #########  ######  ######
     ##        ##  ##    ##  ##       ##     ## ##     ##       ## ##
     ##       #### ##     ## ######## ########  ##     ##  ######  ########

You're about to initialize a Firebase project in this directory:

  C:\Users\Cristian PQ\Documents\GitHub\weblanatax

Before we get started, keep in mind:

  * You are initializing in an existing Firebase project directory

[debug] [2021-04-26T22:55:05.225Z] <<< [apiv2][status] GET https://firebase-public.firebaseio.com/cli.json 200
[debug] [2021-04-26T22:55:05.227Z] <<< [apiv2][body] GET https://firebase-public.firebaseio.com/cli.json {"cloudBuildErrorAfter":1594252800000,"cloudBuildWarnAfter":1590019200000,"defaultNode10After":1594252800000,"minVersion":"3.0.5","node8DeploysDisabledAfter":1613390400000,"node8RuntimeDisabledAfter":1615809600000,"node8WarnAfter":1600128000000}
[info] 
=== Project Setup
[info] 
[info] First, let's associate this project directory with a Firebase project.
[info] You can create multiple project aliases by running firebase use --add, 
[info] but for now we'll just set up a default project.
[info] 
[info] i  .firebaserc already has a default project, using weblanatax. 
[debug] [2021-04-26T22:55:37.787Z] > refreshing access token with scopes: []
[debug] [2021-04-26T22:55:37.788Z] >>> HTTP REQUEST POST https://www.googleapis.com/oauth2/v3/token  
 <request body omitted>
[debug] [2021-04-26T22:55:38.130Z] <<< HTTP RESPONSE 200 {"date":"Mon, 26 Apr 2021 22:55:38 GMT","pragma":"no-cache","expires":"Mon, 01 Jan 1990 00:00:00 GMT","cache-control":"no-cache, no-store, max-age=0, must-revalidate","content-type":"application/json; charset=utf-8","vary":"X-Origin, Referer, Origin,Accept-Encoding","server":"scaffolding on HTTPServer2","x-xss-protection":"0","x-frame-options":"SAMEORIGIN","x-content-type-options":"nosniff","alt-svc":"h3-29=\":443\"; ma=2592000,h3-T051=\":443\"; ma=2592000,h3-Q050=\":443\"; ma=2592000,h3-Q046=\":443\"; ma=2592000,h3-Q043=\":443\"; ma=2592000,quic=\":443\"; ma=2592000; v=\"46,43\"","accept-ranges":"none","transfer-encoding":"chunked"}
[debug] [2021-04-26T22:55:38.179Z] >>> [apiv2][query] GET https://firebase.googleapis.com/v1beta1/projects/weblanatax [none]
[debug] [2021-04-26T22:55:38.520Z] <<< [apiv2][status] GET https://firebase.googleapis.com/v1beta1/projects/weblanatax 403
[debug] [2021-04-26T22:55:38.521Z] <<< [apiv2][body] GET https://firebase.googleapis.com/v1beta1/projects/weblanatax {"error":{"code":403,"message":"The caller does not have permission","status":"PERMISSION_DENIED"}}
[debug] [2021-04-26T22:55:38.521Z] HTTP Error: 403, The caller does not have permission
[debug] [2021-04-26T22:55:38.524Z] FirebaseError: HTTP Error: 403, The caller does not have permission
    at module.exports (C:\Users\Cristian PQ\AppData\Roaming\npm\node_modules\firebase-tools\lib\responseToError.js:38:12)
    at Client.doRequest (C:\Users\Cristian PQ\AppData\Roaming\npm\node_modules\firebase-tools\lib\apiv2.js:238:23)
    at processTicksAndRejections (internal/process/task_queues.js:93:5)
    at async Client.request (C:\Users\Cristian PQ\AppData\Roaming\npm\node_modules\firebase-tools\lib\apiv2.js:96:20)
    at async Object.getFirebaseProject (C:\Users\Cristian PQ\AppData\Roaming\npm\node_modules\firebase-tools\lib\management\projects.js:289:21)
    at async Object.doSetup [as project] (C:\Users\Cristian PQ\AppData\Roaming\npm\node_modules\firebase-tools\lib\init\features\project.js:77:27)
    at async init (C:\Users\Cristian PQ\AppData\Roaming\npm\node_modules\firebase-tools\lib\init\index.js:19:9)
[error] 
[error] Error: Failed to get Firebase project weblanatax. Please make sure the project exists and your account has permission to access it.
